2022-04-24 12:18:37,711 - Velocimacro : allowInline = true : VMs can be defined inline in templates
2022-04-24 12:18:37,711 - Velocimacro : allowInlineToOverride = false : VMs defined inline may NOT replace previous VM definitions
2022-04-24 12:18:37,711 - Velocimacro : allowInlineLocal = false : VMs defined inline will be  global in scope if allowed.
2022-04-24 12:18:37,711 - Velocimacro : messages on  : VM system will output logging messages
2022-04-24 12:18:37,711 - Velocimacro : autoload off  : VM system will not automatically reload global library macros
2022-04-24 12:18:37,711 - Velocimacro : initialization complete.
2022-04-24 12:18:37,711 - Velocity successfully started.
2022-04-25 11:41:40,714 - SimpleLog4JLogSystem initialized using logfile 'velocity.log'
2022-04-25 11:41:40,714 - ************************************************************** 
2022-04-25 11:41:40,714 - Starting Jakarta Velocity v1.4
2022-04-25 11:41:40,714 - RuntimeInstance initializing.
2022-04-25 11:41:40,714 - Default Properties File: org\apache\velocity\runtime\defaults\velocity.properties
2022-04-25 11:41:40,714 - Trying to use logger class org.apache.velocity.runtime.log.SimpleLog4JLogSystem
2022-04-25 11:41:40,714 - Using logger class org.apache.velocity.runtime.log.SimpleLog4JLogSystem
2022-04-25 11:41:40,714 - Default ResourceManager initializing. (class org.apache.velocity.runtime.resource.ResourceManagerImpl)
2022-04-25 11:41:40,714 - Resource Loader Instantiated: org.apache.velocity.runtime.resource.loader.ClasspathResourceLoader
2022-04-25 11:41:40,714 - ClasspathResourceLoader : initialization starting.
2022-04-25 11:41:40,714 - ClasspathResourceLoader : initialization complete.
2022-04-25 11:41:40,714 - ResourceCache : initialized. (class org.apache.velocity.runtime.resource.ResourceCacheImpl)
2022-04-25 11:41:40,714 - Default ResourceManager initialization complete.
2022-04-25 11:41:40,714 - Loaded System Directive: org.apache.velocity.runtime.directive.Literal
2022-04-25 11:41:40,714 - Loaded System Directive: org.apache.velocity.runtime.directive.Macro
2022-04-25 11:41:40,714 - Loaded System Directive: org.apache.velocity.runtime.directive.Parse
2022-04-25 11:41:40,714 - Loaded System Directive: org.apache.velocity.runtime.directive.Include
2022-04-25 11:41:40,730 - Loaded System Directive: org.apache.velocity.runtime.directive.Foreach
2022-04-25 11:41:40,745 - Created: 20 parsers.
2022-04-25 11:41:40,745 - Velocimacro : initialization starting.
2022-04-25 11:41:40,745 - Velocimacro : adding VMs from VM library template : VM_global_library.vm
2022-04-25 11:41:40,745 - ResourceManager : unable to find resource 'VM_global_library.vm' in any resource loader.
2022-04-25 11:41:40,745 - Velocimacro : error using  VM library template VM_global_library.vm : org.apache.velocity.exception.ResourceNotFoundException: Unable to find resource 'VM_global_library.vm'
2022-04-25 11:41:40,745 - Velocimacro :  VM library template macro registration complete.
2022-04-25 11:41:40,745 - Velocimacro : allowInline = true : VMs can be defined inline in templates
2022-04-25 11:41:40,745 - Velocimacro : allowInlineToOverride = false : VMs defined inline may NOT replace previous VM definitions
2022-04-25 11:41:40,745 - Velocimacro : allowInlineLocal = false : VMs defined inline will be  global in scope if allowed.
2022-04-25 11:41:40,745 - Velocimacro : messages on  : VM system will output logging messages
2022-04-25 11:41:40,745 - Velocimacro : autoload off  : VM system will not automatically reload global library macros
2022-04-25 11:41:40,745 - Velocimacro : initialization complete.
2022-04-25 11:41:40,745 - Velocity successfully started.
2022-04-25 11:42:40,413 - SimpleLog4JLogSystem initialized using logfile 'velocity.log'
2022-04-25 11:42:40,413 - ************************************************************** 
2022-04-25 11:42:40,413 - Starting Jakarta Velocity v1.4
2022-04-25 11:42:40,413 - RuntimeInstance initializing.
2022-04-25 11:42:40,413 - Default Properties File: org\apache\velocity\runtime\defaults\velocity.properties
2022-04-25 11:42:40,413 - Trying to use logger class org.apache.velocity.runtime.log.SimpleLog4JLogSystem
2022-04-25 11:42:40,413 - Using logger class org.apache.velocity.runtime.log.SimpleLog4JLogSystem
2022-04-25 11:42:40,413 - Default ResourceManager initializing. (class org.apache.velocity.runtime.resource.ResourceManagerImpl)
2022-04-25 11:42:40,413 - Resource Loader Instantiated: org.apache.velocity.runtime.resource.loader.ClasspathResourceLoader
2022-04-25 11:42:40,413 - ClasspathResourceLoader : initialization starting.
2022-04-25 11:42:40,413 - ClasspathResourceLoader : initialization complete.
2022-04-25 11:42:40,413 - ResourceCache : initialized. (class org.apache.velocity.runtime.resource.ResourceCacheImpl)
2022-04-25 11:42:40,413 - Default ResourceManager initialization complete.
2022-04-25 11:42:40,428 - Loaded System Directive: org.apache.velocity.runtime.directive.Literal
2022-04-25 11:42:40,428 - Loaded System Directive: org.apache.velocity.runtime.directive.Macro
2022-04-25 11:42:40,428 - Loaded System Directive: org.apache.velocity.runtime.directive.Parse
2022-04-25 11:42:40,428 - Loaded System Directive: org.apache.velocity.runtime.directive.Include
2022-04-25 11:42:40,428 - Loaded System Directive: org.apache.velocity.runtime.directive.Foreach
2022-04-25 11:42:40,444 - Created: 20 parsers.
2022-04-25 11:42:40,444 - Velocimacro : initialization starting.
2022-04-25 11:42:40,444 - Velocimacro : adding VMs from VM library template : VM_global_library.vm
2022-04-25 11:42:40,460 - ResourceManager : unable to find resource 'VM_global_library.vm' in any resource loader.
2022-04-25 11:42:40,460 - Velocimacro : error using  VM library template VM_global_library.vm : org.apache.velocity.exception.ResourceNotFoundException: Unable to find resource 'VM_global_library.vm'
2022-04-25 11:42:40,460 - Velocimacro :  VM library template macro registration complete.
2022-04-25 11:42:40,460 - Velocimacro : allowInline = true : VMs can be defined inline in templates
2022-04-25 11:42:40,460 - Velocimacro : allowInlineToOverride = false : VMs defined inline may NOT replace previous VM definitions
2022-04-25 11:42:40,460 - Velocimacro : allowInlineLocal = false : VMs defined inline will be  global in scope if allowed.
2022-04-25 11:42:40,460 - Velocimacro : messages on  : VM system will output logging messages
2022-04-25 11:42:40,460 - Velocimacro : autoload off  : VM system will not automatically reload global library macros
2022-04-25 11:42:40,460 - Velocimacro : initialization complete.
2022-04-25 11:42:40,460 - Velocity successfully started.
2022-04-25 11:49:59,872 - SimpleLog4JLogSystem initialized using logfile 'velocity.log'
2022-04-25 11:49:59,872 - ************************************************************** 
2022-04-25 11:49:59,872 - Starting Jakarta Velocity v1.4
2022-04-25 11:49:59,872 - RuntimeInstance initializing.
2022-04-25 11:49:59,872 - Default Properties File: org\apache\velocity\runtime\defaults\velocity.properties
2022-04-25 11:49:59,872 - Trying to use logger class org.apache.velocity.runtime.log.SimpleLog4JLogSystem
2022-04-25 11:49:59,872 - Using logger class org.apache.velocity.runtime.log.SimpleLog4JLogSystem
2022-04-25 11:49:59,872 - Default ResourceManager initializing. (class org.apache.velocity.runtime.resource.ResourceManagerImpl)
2022-04-25 11:49:59,872 - Resource Loader Instantiated: org.apache.velocity.runtime.resource.loader.ClasspathResourceLoader
2022-04-25 11:49:59,872 - ClasspathResourceLoader : initialization starting.
2022-04-25 11:49:59,872 - ClasspathResourceLoader : initialization complete.
2022-04-25 11:49:59,872 - ResourceCache : initialized. (class org.apache.velocity.runtime.resource.ResourceCacheImpl)
2022-04-25 11:49:59,872 - Default ResourceManager initialization complete.
2022-04-25 11:49:59,872 - Loaded System Directive: org.apache.velocity.runtime.directive.Literal
2022-04-25 11:49:59,872 - Loaded System Directive: org.apache.velocity.runtime.directive.Macro
2022-04-25 11:49:59,872 - Loaded System Directive: org.apache.velocity.runtime.directive.Parse
2022-04-25 11:49:59,872 - Loaded System Directive: org.apache.velocity.runtime.directive.Include
2022-04-25 11:49:59,872 - Loaded System Directive: org.apache.velocity.runtime.directive.Foreach
2022-04-25 11:49:59,887 - Created: 20 parsers.
2022-04-25 11:49:59,903 - Velocimacro : initialization starting.
2022-04-25 11:49:59,903 - Velocimacro : adding VMs from VM library template : VM_global_library.vm
2022-04-25 11:49:59,903 - ResourceManager : unable to find resource 'VM_global_library.vm' in any resource loader.
2022-04-25 11:49:59,903 - Velocimacro : error using  VM library template VM_global_library.vm : org.apache.velocity.exception.ResourceNotFoundException: Unable to find resource 'VM_global_library.vm'
2022-04-25 11:49:59,903 - Velocimacro :  VM library template macro registration complete.
2022-04-25 11:49:59,903 - Velocimacro : allowInline = true : VMs can be defined inline in templates
2022-04-25 11:49:59,903 - Velocimacro : allowInlineToOverride = false : VMs defined inline may NOT replace previous VM definitions
2022-04-25 11:49:59,903 - Velocimacro : allowInlineLocal = false : VMs defined inline will be  global in scope if allowed.
2022-04-25 11:49:59,903 - Velocimacro : messages on  : VM system will output logging messages
2022-04-25 11:49:59,903 - Velocimacro : autoload off  : VM system will not automatically reload global library macros
2022-04-25 11:49:59,903 - Velocimacro : initialization complete.
2022-04-25 11:49:59,903 - Velocity successfully started.
2022-04-25 11:55:24,916 - SimpleLog4JLogSystem initialized using logfile 'velocity.log'
2022-04-25 11:55:24,916 - ************************************************************** 
2022-04-25 11:55:24,916 - Starting Jakarta Velocity v1.4
2022-04-25 11:55:24,916 - RuntimeInstance initializing.
2022-04-25 11:55:24,916 - Default Properties File: org\apache\velocity\runtime\defaults\velocity.properties
2022-04-25 11:55:24,916 - Trying to use logger class org.apache.velocity.runtime.log.SimpleLog4JLogSystem
2022-04-25 11:55:24,916 - Using logger class org.apache.velocity.runtime.log.SimpleLog4JLogSystem
2022-04-25 11:55:24,932 - Default ResourceManager initializing. (class org.apache.velocity.runtime.resource.ResourceManagerImpl)
2022-04-25 11:55:24,932 - Resource Loader Instantiated: org.apache.velocity.runtime.resource.loader.ClasspathResourceLoader
2022-04-25 11:55:24,932 - ClasspathResourceLoader : initialization starting.
2022-04-25 11:55:24,932 - ClasspathResourceLoader : initialization complete.
2022-04-25 11:55:24,932 - ResourceCache : initialized. (class org.apache.velocity.runtime.resource.ResourceCacheImpl)
2022-04-25 11:55:24,932 - Default ResourceManager initialization complete.
2022-04-25 11:55:24,932 - Loaded System Directive: org.apache.velocity.runtime.directive.Literal
2022-04-25 11:55:24,932 - Loaded System Directive: org.apache.velocity.runtime.directive.Macro
2022-04-25 11:55:24,932 - Loaded System Directive: org.apache.velocity.runtime.directive.Parse
2022-04-25 11:55:24,932 - Loaded System Directive: org.apache.velocity.runtime.directive.Include
2022-04-25 11:55:24,932 - Loaded System Directive: org.apache.velocity.runtime.directive.Foreach
2022-04-25 11:55:24,948 - Created: 20 parsers.
2022-04-25 11:55:24,963 - Velocimacro : initialization starting.
2022-04-25 11:55:24,963 - Velocimacro : adding VMs from VM library template : VM_global_library.vm
2022-04-25 11:55:24,963 - ResourceManager : unable to find resource 'VM_global_library.vm' in any resource loader.
2022-04-25 11:55:24,963 - Velocimacro : error using  VM library template VM_global_library.vm : org.apache.velocity.exception.ResourceNotFoundException: Unable to find resource 'VM_global_library.vm'
2022-04-25 11:55:24,963 - Velocimacro :  VM library template macro registration complete.
2022-04-25 11:55:24,963 - Velocimacro : allowInline = true : VMs can be defined inline in templates
2022-04-25 11:55:24,963 - Velocimacro : allowInlineToOverride = false : VMs defined inline may NOT replace previous VM definitions
2022-04-25 11:55:24,963 - Velocimacro : allowInlineLocal = false : VMs defined inline will be  global in scope if allowed.
2022-04-25 11:55:24,963 - Velocimacro : messages on  : VM system will output logging messages
2022-04-25 11:55:24,963 - Velocimacro : autoload off  : VM system will not automatically reload global library macros
2022-04-25 11:55:24,963 - Velocimacro : initialization complete.
2022-04-25 11:55:24,963 - Velocity successfully started.
2022-04-25 12:04:13,449 - SimpleLog4JLogSystem initialized using logfile 'velocity.log'
2022-04-25 12:04:13,449 - ************************************************************** 
2022-04-25 12:04:13,449 - Starting Jakarta Velocity v1.4
2022-04-25 12:04:13,449 - RuntimeInstance initializing.
2022-04-25 12:04:13,449 - Default Properties File: org\apache\velocity\runtime\defaults\velocity.properties
2022-04-25 12:04:13,449 - Trying to use logger class org.apache.velocity.runtime.log.SimpleLog4JLogSystem
2022-04-25 12:04:13,449 - Using logger class org.apache.velocity.runtime.log.SimpleLog4JLogSystem
2022-04-25 12:04:13,449 - Default ResourceManager initializing. (class org.apache.velocity.runtime.resource.ResourceManagerImpl)
2022-04-25 12:04:13,449 - Resource Loader Instantiated: org.apache.velocity.runtime.resource.loader.ClasspathResourceLoader
2022-04-25 12:04:13,449 - ClasspathResourceLoader : initialization starting.
2022-04-25 12:04:13,449 - ClasspathResourceLoader : initialization complete.
2022-04-25 12:04:13,449 - ResourceCache : initialized. (class org.apache.velocity.runtime.resource.ResourceCacheImpl)
2022-04-25 12:04:13,449 - Default ResourceManager initialization complete.
2022-04-25 12:04:13,449 - Loaded System Directive: org.apache.velocity.runtime.directive.Literal
2022-04-25 12:04:13,449 - Loaded System Directive: org.apache.velocity.runtime.directive.Macro
2022-04-25 12:04:13,465 - Loaded System Directive: org.apache.velocity.runtime.directive.Parse
2022-04-25 12:04:13,465 - Loaded System Directive: org.apache.velocity.runtime.directive.Include
2022-04-25 12:04:13,465 - Loaded System Directive: org.apache.velocity.runtime.directive.Foreach
2022-04-25 12:04:13,480 - Created: 20 parsers.
2022-04-25 12:04:13,480 - Velocimacro : initialization starting.
2022-04-25 12:04:13,480 - Velocimacro : adding VMs from VM library template : VM_global_library.vm
2022-04-25 12:04:13,496 - ResourceManager : unable to find resource 'VM_global_library.vm' in any resource loader.
2022-04-25 12:04:13,496 - Velocimacro : error using  VM library template VM_global_library.vm : org.apache.velocity.exception.ResourceNotFoundException: Unable to find resource 'VM_global_library.vm'
2022-04-25 12:04:13,496 - Velocimacro :  VM library template macro registration complete.
2022-04-25 12:04:13,496 - Velocimacro : allowInline = true : VMs can be defined inline in templates
2022-04-25 12:04:13,496 - Velocimacro : allowInlineToOverride = false : VMs defined inline may NOT replace previous VM definitions
2022-04-25 12:04:13,496 - Velocimacro : allowInlineLocal = false : VMs defined inline will be  global in scope if allowed.
2022-04-25 12:04:13,496 - Velocimacro : messages on  : VM system will output logging messages
2022-04-25 12:04:13,496 - Velocimacro : autoload off  : VM system will not automatically reload global library macros
2022-04-25 12:04:13,496 - Velocimacro : initialization complete.
2022-04-25 12:04:13,496 - Velocity successfully started.
2022-04-25 12:05:34,886 - SimpleLog4JLogSystem initialized using logfile 'velocity.log'
2022-04-25 12:05:34,886 - ************************************************************** 
2022-04-25 12:05:34,886 - Starting Jakarta Velocity v1.4
2022-04-25 12:05:34,886 - RuntimeInstance initializing.
2022-04-25 12:05:34,886 - Default Properties File: org\apache\velocity\runtime\defaults\velocity.properties
2022-04-25 12:05:34,886 - Trying to use logger class org.apache.velocity.runtime.log.SimpleLog4JLogSystem
2022-04-25 12:05:34,886 - Using logger class org.apache.velocity.runtime.log.SimpleLog4JLogSystem
2022-04-25 12:05:34,886 - Default ResourceManager initializing. (class org.apache.velocity.runtime.resource.ResourceManagerImpl)
2022-04-25 12:05:34,886 - Resource Loader Instantiated: org.apache.velocity.runtime.resource.loader.ClasspathResourceLoader
2022-04-25 12:05:34,886 - ClasspathResourceLoader : initialization starting.
2022-04-25 12:05:34,886 - ClasspathResourceLoader : initialization complete.
2022-04-25 12:05:34,886 - ResourceCache : initialized. (class org.apache.velocity.runtime.resource.ResourceCacheImpl)
2022-04-25 12:05:34,886 - Default ResourceManager initialization complete.
2022-04-25 12:05:34,886 - Loaded System Directive: org.apache.velocity.runtime.directive.Literal
2022-04-25 12:05:34,886 - Loaded System Directive: org.apache.velocity.runtime.directive.Macro
2022-04-25 12:05:34,902 - Loaded System Directive: org.apache.velocity.runtime.directive.Parse
2022-04-25 12:05:34,902 - Loaded System Directive: org.apache.velocity.runtime.directive.Include
2022-04-25 12:05:34,902 - Loaded System Directive: org.apache.velocity.runtime.directive.Foreach
2022-04-25 12:05:34,918 - Created: 20 parsers.
2022-04-25 12:05:34,918 - Velocimacro : initialization starting.
2022-04-25 12:05:34,918 - Velocimacro : adding VMs from VM library template : VM_global_library.vm
2022-04-25 12:05:34,933 - ResourceManager : unable to find resource 'VM_global_library.vm' in any resource loader.
2022-04-25 12:05:34,933 - Velocimacro : error using  VM library template VM_global_library.vm : org.apache.velocity.exception.ResourceNotFoundException: Unable to find resource 'VM_global_library.vm'
2022-04-25 12:05:34,933 - Velocimacro :  VM library template macro registration complete.
2022-04-25 12:05:34,933 - Velocimacro : allowInline = true : VMs can be defined inline in templates
2022-04-25 12:05:34,933 - Velocimacro : allowInlineToOverride = false : VMs defined inline may NOT replace previous VM definitions
2022-04-25 12:05:34,933 - Velocimacro : allowInlineLocal = false : VMs defined inline will be  global in scope if allowed.
2022-04-25 12:05:34,933 - Velocimacro : messages on  : VM system will output logging messages
2022-04-25 12:05:34,933 - Velocimacro : autoload off  : VM system will not automatically reload global library macros
2022-04-25 12:05:34,933 - Velocimacro : initialization complete.
2022-04-25 12:05:34,933 - Velocity successfully started.
2022-04-25 12:06:29,867 - SimpleLog4JLogSystem initialized using logfile 'velocity.log'
2022-04-25 12:06:29,867 - ************************************************************** 
2022-04-25 12:06:29,867 - Starting Jakarta Velocity v1.4
2022-04-25 12:06:29,867 - RuntimeInstance initializing.
2022-04-25 12:06:29,867 - Default Properties File: org\apache\velocity\runtime\defaults\velocity.properties
2022-04-25 12:06:29,867 - Trying to use logger class org.apache.velocity.runtime.log.SimpleLog4JLogSystem
2022-04-25 12:06:29,867 - Using logger class org.apache.velocity.runtime.log.SimpleLog4JLogSystem
2022-04-25 12:06:29,867 - Default ResourceManager initializing. (class org.apache.velocity.runtime.resource.ResourceManagerImpl)
2022-04-25 12:06:29,882 - Resource Loader Instantiated: org.apache.velocity.runtime.resource.loader.ClasspathResourceLoader
2022-04-25 12:06:29,882 - ClasspathResourceLoader : initialization starting.
2022-04-25 12:06:29,882 - ClasspathResourceLoader : initialization complete.
2022-04-25 12:06:29,882 - ResourceCache : initialized. (class org.apache.velocity.runtime.resource.ResourceCacheImpl)
2022-04-25 12:06:29,882 - Default ResourceManager initialization complete.
2022-04-25 12:06:29,882 - Loaded System Directive: org.apache.velocity.runtime.directive.Literal
2022-04-25 12:06:29,882 - Loaded System Directive: org.apache.velocity.runtime.directive.Macro
2022-04-25 12:06:29,882 - Loaded System Directive: org.apache.velocity.runtime.directive.Parse
2022-04-25 12:06:29,882 - Loaded System Directive: org.apache.velocity.runtime.directive.Include
2022-04-25 12:06:29,882 - Loaded System Directive: org.apache.velocity.runtime.directive.Foreach
2022-04-25 12:06:29,898 - Created: 20 parsers.
2022-04-25 12:06:29,914 - Velocimacro : initialization starting.
2022-04-25 12:06:29,914 - Velocimacro : adding VMs from VM library template : VM_global_library.vm
2022-04-25 12:06:29,914 - ResourceManager : unable to find resource 'VM_global_library.vm' in any resource loader.
2022-04-25 12:06:29,914 - Velocimacro : error using  VM library template VM_global_library.vm : org.apache.velocity.exception.ResourceNotFoundException: Unable to find resource 'VM_global_library.vm'
2022-04-25 12:06:29,914 - Velocimacro :  VM library template macro registration complete.
2022-04-25 12:06:29,914 - Velocimacro : allowInline = true : VMs can be defined inline in templates
2022-04-25 12:06:29,914 - Velocimacro : allowInlineToOverride = false : VMs defined inline may NOT replace previous VM definitions
2022-04-25 12:06:29,914 - Velocimacro : allowInlineLocal = false : VMs defined inline will be  global in scope if allowed.
2022-04-25 12:06:29,914 - Velocimacro : messages on  : VM system will output logging messages
2022-04-25 12:06:29,914 - Velocimacro : autoload off  : VM system will not automatically reload global library macros
2022-04-25 12:06:29,914 - Velocimacro : initialization complete.
2022-04-25 12:06:29,914 - Velocity successfully started.
2022-04-25 12:07:39,911 - SimpleLog4JLogSystem initialized using logfile 'velocity.log'
2022-04-25 12:07:39,911 - ************************************************************** 
2022-04-25 12:07:39,911 - Starting Jakarta Velocity v1.4
2022-04-25 12:07:39,911 - RuntimeInstance initializing.
2022-04-25 12:07:39,911 - Default Properties File: org\apache\velocity\runtime\defaults\velocity.properties
2022-04-25 12:07:39,911 - Trying to use logger class org.apache.velocity.runtime.log.SimpleLog4JLogSystem
2022-04-25 12:07:39,911 - Using logger class org.apache.velocity.runtime.log.SimpleLog4JLogSystem
2022-04-25 12:07:39,927 - Default ResourceManager initializing. (class org.apache.velocity.runtime.resource.ResourceManagerImpl)
2022-04-25 12:07:39,927 - Resource Loader Instantiated: org.apache.velocity.runtime.resource.loader.ClasspathResourceLoader
2022-04-25 12:07:39,927 - ClasspathResourceLoader : initialization starting.
2022-04-25 12:07:39,927 - ClasspathResourceLoader : initialization complete.
2022-04-25 12:07:39,927 - ResourceCache : initialized. (class org.apache.velocity.runtime.resource.ResourceCacheImpl)
2022-04-25 12:07:39,927 - Default ResourceManager initialization complete.
2022-04-25 12:07:39,927 - Loaded System Directive: org.apache.velocity.runtime.directive.Literal
2022-04-25 12:07:39,927 - Loaded System Directive: org.apache.velocity.runtime.directive.Macro
2022-04-25 12:07:39,927 - Loaded System Directive: org.apache.velocity.runtime.directive.Parse
2022-04-25 12:07:39,927 - Loaded System Directive: org.apache.velocity.runtime.directive.Include
2022-04-25 12:07:39,927 - Loaded System Directive: org.apache.velocity.runtime.directive.Foreach
2022-04-25 12:07:39,958 - Created: 20 parsers.
2022-04-25 12:07:39,958 - Velocimacro : initialization starting.
2022-04-25 12:07:39,958 - Velocimacro : adding VMs from VM library template : VM_global_library.vm
2022-04-25 12:07:39,958 - ResourceManager : unable to find resource 'VM_global_library.vm' in any resource loader.
2022-04-25 12:07:39,958 - Velocimacro : error using  VM library template VM_global_library.vm : org.apache.velocity.exception.ResourceNotFoundException: Unable to find resource 'VM_global_library.vm'
2022-04-25 12:07:39,958 - Velocimacro :  VM library template macro registration complete.
2022-04-25 12:07:39,958 - Velocimacro : allowInline = true : VMs can be defined inline in templates
2022-04-25 12:07:39,958 - Velocimacro : allowInlineToOverride = false : VMs defined inline may NOT replace previous VM definitions
2022-04-25 12:07:39,958 - Velocimacro : allowInlineLocal = false : VMs defined inline will be  global in scope if allowed.
2022-04-25 12:07:39,958 - Velocimacro : messages on  : VM system will output logging messages
2022-04-25 12:07:39,958 - Velocimacro : autoload off  : VM system will not automatically reload global library macros
2022-04-25 12:07:39,958 - Velocimacro : initialization complete.
2022-04-25 12:07:39,958 - Velocity successfully started.
2022-05-23 12:21:18,478 - SimpleLog4JLogSystem initialized using logfile 'velocity.log'
2022-05-23 12:21:18,479 - ************************************************************** 
2022-05-23 12:21:18,479 - Starting Jakarta Velocity v1.4
2022-05-23 12:21:18,479 - RuntimeInstance initializing.
2022-05-23 12:21:18,479 - Default Properties File: org\apache\velocity\runtime\defaults\velocity.properties
2022-05-23 12:21:18,479 - Trying to use logger class org.apache.velocity.runtime.log.SimpleLog4JLogSystem
2022-05-23 12:21:18,480 - Using logger class org.apache.velocity.runtime.log.SimpleLog4JLogSystem
2022-05-23 12:21:18,484 - Default ResourceManager initializing. (class org.apache.velocity.runtime.resource.ResourceManagerImpl)
2022-05-23 12:21:18,486 - Resource Loader Instantiated: org.apache.velocity.runtime.resource.loader.ClasspathResourceLoader
2022-05-23 12:21:18,487 - ClasspathResourceLoader : initialization starting.
2022-05-23 12:21:18,487 - ClasspathResourceLoader : initialization complete.
2022-05-23 12:21:18,487 - ResourceCache : initialized. (class org.apache.velocity.runtime.resource.ResourceCacheImpl)
2022-05-23 12:21:18,487 - Default ResourceManager initialization complete.
2022-05-23 12:21:18,490 - Loaded System Directive: org.apache.velocity.runtime.directive.Literal
2022-05-23 12:21:18,491 - Loaded System Directive: org.apache.velocity.runtime.directive.Macro
2022-05-23 12:21:18,493 - Loaded System Directive: org.apache.velocity.runtime.directive.Parse
2022-05-23 12:21:18,494 - Loaded System Directive: org.apache.velocity.runtime.directive.Include
2022-05-23 12:21:18,495 - Loaded System Directive: org.apache.velocity.runtime.directive.Foreach
2022-05-23 12:21:18,512 - Created: 20 parsers.
2022-05-23 12:21:18,518 - Velocimacro : initialization starting.
2022-05-23 12:21:18,518 - Velocimacro : adding VMs from VM library template : VM_global_library.vm
2022-05-23 12:21:18,520 - ResourceManager : unable to find resource 'VM_global_library.vm' in any resource loader.
2022-05-23 12:21:18,521 - Velocimacro : error using  VM library template VM_global_library.vm : org.apache.velocity.exception.ResourceNotFoundException: Unable to find resource 'VM_global_library.vm'
2022-05-23 12:21:18,521 - Velocimacro :  VM library template macro registration complete.
2022-05-23 12:21:18,521 - Velocimacro : allowInline = true : VMs can be defined inline in templates
2022-05-23 12:21:18,521 - Velocimacro : allowInlineToOverride = false : VMs defined inline may NOT replace previous VM definitions
2022-05-23 12:21:18,521 - Velocimacro : allowInlineLocal = false : VMs defined inline will be  global in scope if allowed.
2022-05-23 12:21:18,521 - Velocimacro : messages on  : VM system will output logging messages
2022-05-23 12:21:18,521 - Velocimacro : autoload off  : VM system will not automatically reload global library macros
2022-05-23 12:21:18,521 - Velocimacro : initialization complete.
2022-05-23 12:21:18,521 - Velocity successfully started.
2022-05-23 12:36:26,066 - SimpleLog4JLogSystem initialized using logfile 'velocity.log'
2022-05-23 12:36:26,066 - ************************************************************** 
2022-05-23 12:36:26,066 - Starting Jakarta Velocity v1.4
2022-05-23 12:36:26,067 - RuntimeInstance initializing.
2022-05-23 12:36:26,067 - Default Properties File: org\apache\velocity\runtime\defaults\velocity.properties
2022-05-23 12:36:26,067 - Trying to use logger class org.apache.velocity.runtime.log.SimpleLog4JLogSystem
2022-05-23 12:36:26,067 - Using logger class org.apache.velocity.runtime.log.SimpleLog4JLogSystem
2022-05-23 12:36:26,069 - Default ResourceManager initializing. (class org.apache.velocity.runtime.resource.ResourceManagerImpl)
2022-05-23 12:36:26,071 - Resource Loader Instantiated: org.apache.velocity.runtime.resource.loader.ClasspathResourceLoader
2022-05-23 12:36:26,071 - ClasspathResourceLoader : initialization starting.
2022-05-23 12:36:26,071 - ClasspathResourceLoader : initialization complete.
2022-05-23 12:36:26,071 - ResourceCache : initialized. (class org.apache.velocity.runtime.resource.ResourceCacheImpl)
2022-05-23 12:36:26,071 - Default ResourceManager initialization complete.
2022-05-23 12:36:26,072 - Loaded System Directive: org.apache.velocity.runtime.directive.Literal
2022-05-23 12:36:26,073 - Loaded System Directive: org.apache.velocity.runtime.directive.Macro
2022-05-23 12:36:26,075 - Loaded System Directive: org.apache.velocity.runtime.directive.Parse
2022-05-23 12:36:26,076 - Loaded System Directive: org.apache.velocity.runtime.directive.Include
2022-05-23 12:36:26,076 - Loaded System Directive: org.apache.velocity.runtime.directive.Foreach
2022-05-23 12:36:26,096 - Created: 20 parsers.
2022-05-23 12:36:26,101 - Velocimacro : initialization starting.
2022-05-23 12:36:26,101 - Velocimacro : adding VMs from VM library template : VM_global_library.vm
2022-05-23 12:36:26,103 - ResourceManager : unable to find resource 'VM_global_library.vm' in any resource loader.
2022-05-23 12:36:26,103 - Velocimacro : error using  VM library template VM_global_library.vm : org.apache.velocity.exception.ResourceNotFoundException: Unable to find resource 'VM_global_library.vm'
2022-05-23 12:36:26,103 - Velocimacro :  VM library template macro registration complete.
2022-05-23 12:36:26,103 - Velocimacro : allowInline = true : VMs can be defined inline in templates
2022-05-23 12:36:26,103 - Velocimacro : allowInlineToOverride = false : VMs defined inline may NOT replace previous VM definitions
2022-05-23 12:36:26,103 - Velocimacro : allowInlineLocal = false : VMs defined inline will be  global in scope if allowed.
2022-05-23 12:36:26,103 - Velocimacro : messages on  : VM system will output logging messages
2022-05-23 12:36:26,103 - Velocimacro : autoload off  : VM system will not automatically reload global library macros
2022-05-23 12:36:26,103 - Velocimacro : initialization complete.
2022-05-23 12:36:26,103 - Velocity successfully started.
2022-05-23 12:37:18,062 - SimpleLog4JLogSystem initialized using logfile 'velocity.log'
2022-05-23 12:37:18,063 - ************************************************************** 
2022-05-23 12:37:18,063 - Starting Jakarta Velocity v1.4
2022-05-23 12:37:18,063 - RuntimeInstance initializing.
2022-05-23 12:37:18,063 - Default Properties File: org\apache\velocity\runtime\defaults\velocity.properties
2022-05-23 12:37:18,063 - Trying to use logger class org.apache.velocity.runtime.log.SimpleLog4JLogSystem
2022-05-23 12:37:18,063 - Using logger class org.apache.velocity.runtime.log.SimpleLog4JLogSystem
2022-05-23 12:37:18,066 - Default ResourceManager initializing. (class org.apache.velocity.runtime.resource.ResourceManagerImpl)
2022-05-23 12:37:18,067 - Resource Loader Instantiated: org.apache.velocity.runtime.resource.loader.ClasspathResourceLoader
2022-05-23 12:37:18,068 - ClasspathResourceLoader : initialization starting.
2022-05-23 12:37:18,068 - ClasspathResourceLoader : initialization complete.
2022-05-23 12:37:18,068 - ResourceCache : initialized. (class org.apache.velocity.runtime.resource.ResourceCacheImpl)
2022-05-23 12:37:18,068 - Default ResourceManager initialization complete.
2022-05-23 12:37:18,069 - Loaded System Directive: org.apache.velocity.runtime.directive.Literal
2022-05-23 12:37:18,071 - Loaded System Directive: org.apache.velocity.runtime.directive.Macro
2022-05-23 12:37:18,072 - Loaded System Directive: org.apache.velocity.runtime.directive.Parse
2022-05-23 12:37:18,074 - Loaded System Directive: org.apache.velocity.runtime.directive.Include
2022-05-23 12:37:18,074 - Loaded System Directive: org.apache.velocity.runtime.directive.Foreach
2022-05-23 12:37:18,092 - Created: 20 parsers.
2022-05-23 12:37:18,098 - Velocimacro : initialization starting.
2022-05-23 12:37:18,098 - Velocimacro : adding VMs from VM library template : VM_global_library.vm
2022-05-23 12:37:18,100 - ResourceManager : unable to find resource 'VM_global_library.vm' in any resource loader.
2022-05-23 12:37:18,100 - Velocimacro : error using  VM library template VM_global_library.vm : org.apache.velocity.exception.ResourceNotFoundException: Unable to find resource 'VM_global_library.vm'
2022-05-23 12:37:18,100 - Velocimacro :  VM library template macro registration complete.
2022-05-23 12:37:18,100 - Velocimacro : allowInline = true : VMs can be defined inline in templates
2022-05-23 12:37:18,100 - Velocimacro : allowInlineToOverride = false : VMs defined inline may NOT replace previous VM definitions
2022-05-23 12:37:18,100 - Velocimacro : allowInlineLocal = false : VMs defined inline will be  global in scope if allowed.
2022-05-23 12:37:18,100 - Velocimacro : messages on  : VM system will output logging messages
2022-05-23 12:37:18,100 - Velocimacro : autoload off  : VM system will not automatically reload global library macros
2022-05-23 12:37:18,100 - Velocimacro : initialization complete.
2022-05-23 12:37:18,101 - Velocity successfully started.
2022-05-23 19:28:18,411 - SimpleLog4JLogSystem initialized using logfile 'velocity.log'
2022-05-23 19:28:18,411 - ************************************************************** 
2022-05-23 19:28:18,411 - Starting Jakarta Velocity v1.4
2022-05-23 19:28:18,411 - RuntimeInstance initializing.
2022-05-23 19:28:18,411 - Default Properties File: org\apache\velocity\runtime\defaults\velocity.properties
2022-05-23 19:28:18,411 - Trying to use logger class org.apache.velocity.runtime.log.SimpleLog4JLogSystem
2022-05-23 19:28:18,411 - Using logger class org.apache.velocity.runtime.log.SimpleLog4JLogSystem
2022-05-23 19:28:18,415 - Default ResourceManager initializing. (class org.apache.velocity.runtime.resource.ResourceManagerImpl)
2022-05-23 19:28:18,419 - Resource Loader Instantiated: org.apache.velocity.runtime.resource.loader.ClasspathResourceLoader
2022-05-23 19:28:18,419 - ClasspathResourceLoader : initialization starting.
2022-05-23 19:28:18,419 - ClasspathResourceLoader : initialization complete.
2022-05-23 19:28:18,419 - ResourceCache : initialized. (class org.apache.velocity.runtime.resource.ResourceCacheImpl)
2022-05-23 19:28:18,419 - Default ResourceManager initialization complete.
2022-05-23 19:28:18,419 - Loaded System Directive: org.apache.velocity.runtime.directive.Literal
2022-05-23 19:28:18,419 - Loaded System Directive: org.apache.velocity.runtime.directive.Macro
2022-05-23 19:28:18,423 - Loaded System Directive: org.apache.velocity.runtime.directive.Parse
2022-05-23 19:28:18,423 - Loaded System Directive: org.apache.velocity.runtime.directive.Include
2022-05-23 19:28:18,423 - Loaded System Directive: org.apache.velocity.runtime.directive.Foreach
2022-05-23 19:28:18,443 - Created: 20 parsers.
2022-05-23 19:28:18,447 - Velocimacro : initialization starting.
2022-05-23 19:28:18,447 - Velocimacro : adding VMs from VM library template : VM_global_library.vm
2022-05-23 19:28:18,451 - ResourceManager : unable to find resource 'VM_global_library.vm' in any resource loader.
2022-05-23 19:28:18,451 - Velocimacro : error using  VM library template VM_global_library.vm : org.apache.velocity.exception.ResourceNotFoundException: Unable to find resource 'VM_global_library.vm'
2022-05-23 19:28:18,451 - Velocimacro :  VM library template macro registration complete.
2022-05-23 19:28:18,451 - Velocimacro : allowInline = true : VMs can be defined inline in templates
2022-05-23 19:28:18,451 - Velocimacro : allowInlineToOverride = false : VMs defined inline may NOT replace previous VM definitions
2022-05-23 19:28:18,451 - Velocimacro : allowInlineLocal = false : VMs defined inline will be  global in scope if allowed.
2022-05-23 19:28:18,451 - Velocimacro : messages on  : VM system will output logging messages
2022-05-23 19:28:18,451 - Velocimacro : autoload off  : VM system will not automatically reload global library macros
2022-05-23 19:28:18,451 - Velocimacro : initialization complete.
2022-05-23 19:28:18,451 - Velocity successfully started.
2022-05-23 19:31:47,217 - SimpleLog4JLogSystem initialized using logfile 'velocity.log'
2022-05-23 19:31:47,217 - ************************************************************** 
2022-05-23 19:31:47,217 - Starting Jakarta Velocity v1.4
2022-05-23 19:31:47,217 - RuntimeInstance initializing.
2022-05-23 19:31:47,217 - Default Properties File: org\apache\velocity\runtime\defaults\velocity.properties
2022-05-23 19:31:47,217 - Trying to use logger class org.apache.velocity.runtime.log.SimpleLog4JLogSystem
2022-05-23 19:31:47,217 - Using logger class org.apache.velocity.runtime.log.SimpleLog4JLogSystem
2022-05-23 19:31:47,221 - Default ResourceManager initializing. (class org.apache.velocity.runtime.resource.ResourceManagerImpl)
2022-05-23 19:31:47,221 - Resource Loader Instantiated: org.apache.velocity.runtime.resource.loader.ClasspathResourceLoader
2022-05-23 19:31:47,221 - ClasspathResourceLoader : initialization starting.
2022-05-23 19:31:47,221 - ClasspathResourceLoader : initialization complete.
2022-05-23 19:31:47,221 - ResourceCache : initialized. (class org.apache.velocity.runtime.resource.ResourceCacheImpl)
2022-05-23 19:31:47,221 - Default ResourceManager initialization complete.
2022-05-23 19:31:47,225 - Loaded System Directive: org.apache.velocity.runtime.directive.Literal
2022-05-23 19:31:47,225 - Loaded System Directive: org.apache.velocity.runtime.directive.Macro
2022-05-23 19:31:47,225 - Loaded System Directive: org.apache.velocity.runtime.directive.Parse
2022-05-23 19:31:47,229 - Loaded System Directive: org.apache.velocity.runtime.directive.Include
2022-05-23 19:31:47,229 - Loaded System Directive: org.apache.velocity.runtime.directive.Foreach
2022-05-23 19:31:47,245 - Created: 20 parsers.
2022-05-23 19:31:47,253 - Velocimacro : initialization starting.
2022-05-23 19:31:47,253 - Velocimacro : adding VMs from VM library template : VM_global_library.vm
2022-05-23 19:31:47,257 - ResourceManager : unable to find resource 'VM_global_library.vm' in any resource loader.
2022-05-23 19:31:47,257 - Velocimacro : error using  VM library template VM_global_library.vm : org.apache.velocity.exception.ResourceNotFoundException: Unable to find resource 'VM_global_library.vm'
2022-05-23 19:31:47,257 - Velocimacro :  VM library template macro registration complete.
2022-05-23 19:31:47,257 - Velocimacro : allowInline = true : VMs can be defined inline in templates
2022-05-23 19:31:47,257 - Velocimacro : allowInlineToOverride = false : VMs defined inline may NOT replace previous VM definitions
2022-05-23 19:31:47,257 - Velocimacro : allowInlineLocal = false : VMs defined inline will be  global in scope if allowed.
2022-05-23 19:31:47,257 - Velocimacro : messages on  : VM system will output logging messages
2022-05-23 19:31:47,257 - Velocimacro : autoload off  : VM system will not automatically reload global library macros
2022-05-23 19:31:47,257 - Velocimacro : initialization complete.
2022-05-23 19:31:47,257 - Velocity successfully started.
2022-05-23 23:01:54,041 - SimpleLog4JLogSystem initialized using logfile 'velocity.log'
2022-05-23 23:01:54,042 - ************************************************************** 
2022-05-23 23:01:54,042 - Starting Jakarta Velocity v1.4
2022-05-23 23:01:54,042 - RuntimeInstance initializing.
2022-05-23 23:01:54,042 - Default Properties File: org\apache\velocity\runtime\defaults\velocity.properties
2022-05-23 23:01:54,042 - Trying to use logger class org.apache.velocity.runtime.log.SimpleLog4JLogSystem
2022-05-23 23:01:54,042 - Using logger class org.apache.velocity.runtime.log.SimpleLog4JLogSystem
2022-05-23 23:01:54,045 - Default ResourceManager initializing. (class org.apache.velocity.runtime.resource.ResourceManagerImpl)
2022-05-23 23:01:54,047 - Resource Loader Instantiated: org.apache.velocity.runtime.resource.loader.ClasspathResourceLoader
2022-05-23 23:01:54,047 - ClasspathResourceLoader : initialization starting.
2022-05-23 23:01:54,047 - ClasspathResourceLoader : initialization complete.
2022-05-23 23:01:54,048 - ResourceCache : initialized. (class org.apache.velocity.runtime.resource.ResourceCacheImpl)
2022-05-23 23:01:54,048 - Default ResourceManager initialization complete.
2022-05-23 23:01:54,049 - Loaded System Directive: org.apache.velocity.runtime.directive.Literal
2022-05-23 23:01:54,050 - Loaded System Directive: org.apache.velocity.runtime.directive.Macro
2022-05-23 23:01:54,052 - Loaded System Directive: org.apache.velocity.runtime.directive.Parse
2022-05-23 23:01:54,053 - Loaded System Directive: org.apache.velocity.runtime.directive.Include
2022-05-23 23:01:54,054 - Loaded System Directive: org.apache.velocity.runtime.directive.Foreach
2022-05-23 23:01:54,072 - Created: 20 parsers.
2022-05-23 23:01:54,080 - Velocimacro : initialization starting.
2022-05-23 23:01:54,080 - Velocimacro : adding VMs from VM library template : VM_global_library.vm
2022-05-23 23:01:54,082 - ResourceManager : unable to find resource 'VM_global_library.vm' in any resource loader.
2022-05-23 23:01:54,082 - Velocimacro : error using  VM library template VM_global_library.vm : org.apache.velocity.exception.ResourceNotFoundException: Unable to find resource 'VM_global_library.vm'
2022-05-23 23:01:54,082 - Velocimacro :  VM library template macro registration complete.
2022-05-23 23:01:54,082 - Velocimacro : allowInline = true : VMs can be defined inline in templates
2022-05-23 23:01:54,082 - Velocimacro : allowInlineToOverride = false : VMs defined inline may NOT replace previous VM definitions
2022-05-23 23:01:54,082 - Velocimacro : allowInlineLocal = false : VMs defined inline will be  global in scope if allowed.
2022-05-23 23:01:54,082 - Velocimacro : messages on  : VM system will output logging messages
2022-05-23 23:01:54,083 - Velocimacro : autoload off  : VM system will not automatically reload global library macros
2022-05-23 23:01:54,083 - Velocimacro : initialization complete.
2022-05-23 23:01:54,083 - Velocity successfully started.
2022-05-24 13:43:35,672 - SimpleLog4JLogSystem initialized using logfile 'velocity.log'
2022-05-24 13:43:35,673 - ************************************************************** 
2022-05-24 13:43:35,673 - Starting Jakarta Velocity v1.4
2022-05-24 13:43:35,673 - RuntimeInstance initializing.
2022-05-24 13:43:35,673 - Default Properties File: org\apache\velocity\runtime\defaults\velocity.properties
2022-05-24 13:43:35,673 - Trying to use logger class org.apache.velocity.runtime.log.SimpleLog4JLogSystem
2022-05-24 13:43:35,674 - Using logger class org.apache.velocity.runtime.log.SimpleLog4JLogSystem
2022-05-24 13:43:35,676 - Default ResourceManager initializing. (class org.apache.velocity.runtime.resource.ResourceManagerImpl)
2022-05-24 13:43:35,678 - Resource Loader Instantiated: org.apache.velocity.runtime.resource.loader.ClasspathResourceLoader
2022-05-24 13:43:35,678 - ClasspathResourceLoader : initialization starting.
2022-05-24 13:43:35,678 - ClasspathResourceLoader : initialization complete.
2022-05-24 13:43:35,678 - ResourceCache : initialized. (class org.apache.velocity.runtime.resource.ResourceCacheImpl)
2022-05-24 13:43:35,678 - Default ResourceManager initialization complete.
2022-05-24 13:43:35,679 - Loaded System Directive: org.apache.velocity.runtime.directive.Literal
2022-05-24 13:43:35,680 - Loaded System Directive: org.apache.velocity.runtime.directive.Macro
2022-05-24 13:43:35,682 - Loaded System Directive: org.apache.velocity.runtime.directive.Parse
2022-05-24 13:43:35,683 - Loaded System Directive: org.apache.velocity.runtime.directive.Include
2022-05-24 13:43:35,684 - Loaded System Directive: org.apache.velocity.runtime.directive.Foreach
2022-05-24 13:43:35,703 - Created: 20 parsers.
2022-05-24 13:43:35,711 - Velocimacro : initialization starting.
2022-05-24 13:43:35,711 - Velocimacro : adding VMs from VM library template : VM_global_library.vm
2022-05-24 13:43:35,713 - ResourceManager : unable to find resource 'VM_global_library.vm' in any resource loader.
2022-05-24 13:43:35,713 - Velocimacro : error using  VM library template VM_global_library.vm : org.apache.velocity.exception.ResourceNotFoundException: Unable to find resource 'VM_global_library.vm'
2022-05-24 13:43:35,713 - Velocimacro :  VM library template macro registration complete.
2022-05-24 13:43:35,713 - Velocimacro : allowInline = true : VMs can be defined inline in templates
2022-05-24 13:43:35,713 - Velocimacro : allowInlineToOverride = false : VMs defined inline may NOT replace previous VM definitions
2022-05-24 13:43:35,713 - Velocimacro : allowInlineLocal = false : VMs defined inline will be  global in scope if allowed.
2022-05-24 13:43:35,713 - Velocimacro : messages on  : VM system will output logging messages
2022-05-24 13:43:35,713 - Velocimacro : autoload off  : VM system will not automatically reload global library macros
2022-05-24 13:43:35,714 - Velocimacro : initialization complete.
2022-05-24 13:43:35,714 - Velocity successfully started.
2022-05-24 13:54:23,742 - SimpleLog4JLogSystem initialized using logfile 'velocity.log'
2022-05-24 13:54:23,742 - ************************************************************** 
2022-05-24 13:54:23,742 - Starting Jakarta Velocity v1.4
2022-05-24 13:54:23,742 - RuntimeInstance initializing.
2022-05-24 13:54:23,742 - Default Properties File: org\apache\velocity\runtime\defaults\velocity.properties
2022-05-24 13:54:23,742 - Trying to use logger class org.apache.velocity.runtime.log.SimpleLog4JLogSystem
2022-05-24 13:54:23,743 - Using logger class org.apache.velocity.runtime.log.SimpleLog4JLogSystem
2022-05-24 13:54:23,747 - Default ResourceManager initializing. (class org.apache.velocity.runtime.resource.ResourceManagerImpl)
2022-05-24 13:54:23,748 - Resource Loader Instantiated: org.apache.velocity.runtime.resource.loader.ClasspathResourceLoader
2022-05-24 13:54:23,748 - ClasspathResourceLoader : initialization starting.
2022-05-24 13:54:23,748 - ClasspathResourceLoader : initialization complete.
2022-05-24 13:54:23,748 - ResourceCache : initialized. (class org.apache.velocity.runtime.resource.ResourceCacheImpl)
2022-05-24 13:54:23,749 - Default ResourceManager initialization complete.
2022-05-24 13:54:23,749 - Loaded System Directive: org.apache.velocity.runtime.directive.Literal
2022-05-24 13:54:23,751 - Loaded System Directive: org.apache.velocity.runtime.directive.Macro
2022-05-24 13:54:23,752 - Loaded System Directive: org.apache.velocity.runtime.directive.Parse
2022-05-24 13:54:23,753 - Loaded System Directive: org.apache.velocity.runtime.directive.Include
2022-05-24 13:54:23,754 - Loaded System Directive: org.apache.velocity.runtime.directive.Foreach
2022-05-24 13:54:23,772 - Created: 20 parsers.
2022-05-24 13:54:23,783 - Velocimacro : initialization starting.
2022-05-24 13:54:23,783 - Velocimacro : adding VMs from VM library template : VM_global_library.vm
2022-05-24 13:54:23,787 - ResourceManager : unable to find resource 'VM_global_library.vm' in any resource loader.
2022-05-24 13:54:23,787 - Velocimacro : error using  VM library template VM_global_library.vm : org.apache.velocity.exception.ResourceNotFoundException: Unable to find resource 'VM_global_library.vm'
2022-05-24 13:54:23,788 - Velocimacro :  VM library template macro registration complete.
2022-05-24 13:54:23,788 - Velocimacro : allowInline = true : VMs can be defined inline in templates
2022-05-24 13:54:23,788 - Velocimacro : allowInlineToOverride = false : VMs defined inline may NOT replace previous VM definitions
2022-05-24 13:54:23,788 - Velocimacro : allowInlineLocal = false : VMs defined inline will be  global in scope if allowed.
2022-05-24 13:54:23,788 - Velocimacro : messages on  : VM system will output logging messages
2022-05-24 13:54:23,788 - Velocimacro : autoload off  : VM system will not automatically reload global library macros
2022-05-24 13:54:23,788 - Velocimacro : initialization complete.
2022-05-24 13:54:23,789 - Velocity successfully started.
